C51 COMPILER V9.53.0.0   DPF0                                                              11/01/2023 12:28:49 PAGE 1   


C51 COMPILER V9.53.0.0, COMPILATION OF MODULE DPF0
OBJECT MODULE PLACED IN dpf0.OBJ
COMPILER INVOKED BY: C:\Program Files\KEIL_5_953\C51\BIN\C51.EXE dpf0.c LARGE ROM(COMPACT) OPTIMIZE(0,SIZE) BROWSE DEBUG
                    - OBJECTEXTEND CODE SYMBOLS TABS(2)

line level    source

   1          // Header: 1-я программа ДПФ действительных последовательностей
   2          // File Name: 
   3          // Author:
   4          // Date:
   5          
   6          #include "dpf0.h"
   7          #include <math.h>
   8          
   9          /////////////////////// FunR_DPF
  10          void FunR_DPF( void ) {
  11   1        register unsigned char k, i;
  12   1        for ( k = 0; k < n; k++ ) {
  13   2          SReal_out[ k ] = SImag_out[ k ] = 0.f;
  14   2          for ( i = 0; i < n; i++ ) {
  15   3            SReal_out[ k ] += SReal[ i ]* cos( M_PI/ nd2 * k * i );
  16   3            SImag_out[ k ] -= SReal[ i ]* sin( M_PI/ nd2 * k * i );
  17   3          }
  18   2        }
  19   1      }
C51 COMPILER V9.53.0.0   DPF0                                                              11/01/2023 12:28:49 PAGE 2   

ASSEMBLY LISTING OF GENERATED OBJECT CODE


             ; FUNCTION FunR_DPF (BEGIN)
                                           ; SOURCE LINE # 10
                                           ; SOURCE LINE # 12
0000 900000      R     MOV     DPTR,#k
0003 E4                CLR     A
0004 F0                MOVX    @DPTR,A
0005         ?C0001:
0005 900000      E     MOV     DPTR,#n
0008 E0                MOVX    A,@DPTR
0009 FF                MOV     R7,A
000A 900000      R     MOV     DPTR,#k
000D E0                MOVX    A,@DPTR
000E FE                MOV     R6,A
000F EE                MOV     A,R6
0010 C3                CLR     C
0011 9F                SUBB    A,R7
0012 4002              JC      $ + 4H
0014 0100        R     AJMP    ?C0007
                                           ; SOURCE LINE # 13
0016 900000      R     MOV     DPTR,#k
0019 E0                MOVX    A,@DPTR
001A FF                MOV     R7,A
001B 75F004            MOV     B,#04H
001E EF                MOV     A,R7
001F 900000      E     MOV     DPTR,#SImag_out
0022 120000      E     LCALL   ?C?OFFXADD
0025 120000      E     LCALL   ?C?LSTKXDATA
0028 00                DB      00H
0029 00                DB      00H
002A 00                DB      00H
002B 00                DB      00H
002C 900000      R     MOV     DPTR,#k
002F E0                MOVX    A,@DPTR
0030 FF                MOV     R7,A
0031 75F004            MOV     B,#04H
0034 EF                MOV     A,R7
0035 900000      E     MOV     DPTR,#SReal_out
0038 120000      E     LCALL   ?C?OFFXADD
003B 120000      E     LCALL   ?C?LSTKXDATA
003E 00                DB      00H
003F 00                DB      00H
0040 00                DB      00H
0041 00                DB      00H
                                           ; SOURCE LINE # 14
0042 900000      R     MOV     DPTR,#i
0045 E4                CLR     A
0046 F0                MOVX    @DPTR,A
0047         ?C0004:
0047 900000      E     MOV     DPTR,#n
004A E0                MOVX    A,@DPTR
004B FF                MOV     R7,A
004C 900000      R     MOV     DPTR,#i
004F E0                MOVX    A,@DPTR
0050 FE                MOV     R6,A
0051 EE                MOV     A,R6
0052 C3                CLR     C
0053 9F                SUBB    A,R7
0054 4002              JC      $ + 4H
0056 0100        R     AJMP    ?C0003
C51 COMPILER V9.53.0.0   DPF0                                                              11/01/2023 12:28:49 PAGE 3   

                                           ; SOURCE LINE # 15
0058 900000      R     MOV     DPTR,#k
005B E0                MOVX    A,@DPTR
005C FF                MOV     R7,A
005D 75F004            MOV     B,#04H
0060 EF                MOV     A,R7
0061 900000      E     MOV     DPTR,#SReal_out
0064 120000      E     LCALL   ?C?OFFXADD
0067 C083              PUSH    DPH
0069 C082              PUSH    DPL
006B 120000      E     LCALL   ?C?LLDXDATA
006E C004              PUSH    AR4
0070 C005              PUSH    AR5
0072 C006              PUSH    AR6
0074 C007              PUSH    AR7
0076 900000      E     MOV     DPTR,#nd2
0079 E0                MOVX    A,@DPTR
007A FC                MOV     R4,A
007B E4                CLR     A
007C 120000      E     LCALL   ?C?FCASTC
007F A804              MOV     R0,AR4
0081 A905              MOV     R1,AR5
0083 AA06              MOV     R2,AR6
0085 AB07              MOV     R3,AR7
0087 7FDB              MOV     R7,#0DBH
0089 7E0F              MOV     R6,#0FH
008B 7D49              MOV     R5,#049H
008D 7C40              MOV     R4,#040H
008F 120000      E     LCALL   ?C?FPDIV
0092 C004              PUSH    AR4
0094 C005              PUSH    AR5
0096 C006              PUSH    AR6
0098 C007              PUSH    AR7
009A 900000      R     MOV     DPTR,#k
009D E0                MOVX    A,@DPTR
009E FC                MOV     R4,A
009F E4                CLR     A
00A0 120000      E     LCALL   ?C?FCASTC
00A3 A804              MOV     R0,AR4
00A5 A905              MOV     R1,AR5
00A7 AA06              MOV     R2,AR6
00A9 AB07              MOV     R3,AR7
00AB D007              POP     AR7
00AD D006              POP     AR6
00AF D005              POP     AR5
00B1 D004              POP     AR4
00B3 120000      E     LCALL   ?C?FPMUL
00B6 C004              PUSH    AR4
00B8 C005              PUSH    AR5
00BA C006              PUSH    AR6
00BC C007              PUSH    AR7
00BE 900000      R     MOV     DPTR,#i
00C1 E0                MOVX    A,@DPTR
00C2 FC                MOV     R4,A
00C3 E4                CLR     A
00C4 120000      E     LCALL   ?C?FCASTC
00C7 A804              MOV     R0,AR4
00C9 A905              MOV     R1,AR5
00CB AA06              MOV     R2,AR6
00CD AB07              MOV     R3,AR7
00CF D007              POP     AR7
00D1 D006              POP     AR6
C51 COMPILER V9.53.0.0   DPF0                                                              11/01/2023 12:28:49 PAGE 4   

00D3 D005              POP     AR5
00D5 D004              POP     AR4
00D7 120000      E     LCALL   ?C?FPMUL
00DA 120000      E     LCALL   _cos
00DD 900000      R     MOV     DPTR,#i
00E0 E0                MOVX    A,@DPTR
00E1 FB                MOV     R3,A
00E2 75F004            MOV     B,#04H
00E5 EB                MOV     A,R3
00E6 900000      E     MOV     DPTR,#SReal
00E9 120000      E     LCALL   ?C?OFFXADD
00EC 120000      E     LCALL   ?C?LLDXDATA0
00EF 120000      E     LCALL   ?C?FPMUL
00F2 A804              MOV     R0,AR4
00F4 A905              MOV     R1,AR5
00F6 AA06              MOV     R2,AR6
00F8 AB07              MOV     R3,AR7
00FA D007              POP     AR7
00FC D006              POP     AR6
00FE D005              POP     AR5
0100 D004              POP     AR4
0102 120000      E     LCALL   ?C?FPADD
0105 D082              POP     DPL
0107 D083              POP     DPH
0109 120000      E     LCALL   ?C?LSTXDATA
                                           ; SOURCE LINE # 16
010C 900000      R     MOV     DPTR,#k
010F E0                MOVX    A,@DPTR
0110 FF                MOV     R7,A
0111 75F004            MOV     B,#04H
0114 EF                MOV     A,R7
0115 900000      E     MOV     DPTR,#SImag_out
0118 120000      E     LCALL   ?C?OFFXADD
011B C083              PUSH    DPH
011D C082              PUSH    DPL
011F 120000      E     LCALL   ?C?LLDXDATA
0122 C004              PUSH    AR4
0124 C005              PUSH    AR5
0126 C006              PUSH    AR6
0128 C007              PUSH    AR7
012A 900000      E     MOV     DPTR,#nd2
012D E0                MOVX    A,@DPTR
012E FC                MOV     R4,A
012F E4                CLR     A
0130 120000      E     LCALL   ?C?FCASTC
0133 A804              MOV     R0,AR4
0135 A905              MOV     R1,AR5
0137 AA06              MOV     R2,AR6
0139 AB07              MOV     R3,AR7
013B 7FDB              MOV     R7,#0DBH
013D 7E0F              MOV     R6,#0FH
013F 7D49              MOV     R5,#049H
0141 7C40              MOV     R4,#040H
0143 120000      E     LCALL   ?C?FPDIV
0146 C004              PUSH    AR4
0148 C005              PUSH    AR5
014A C006              PUSH    AR6
014C C007              PUSH    AR7
014E 900000      R     MOV     DPTR,#k
0151 E0                MOVX    A,@DPTR
0152 FC                MOV     R4,A
0153 E4                CLR     A
C51 COMPILER V9.53.0.0   DPF0                                                              11/01/2023 12:28:49 PAGE 5   

0154 120000      E     LCALL   ?C?FCASTC
0157 A804              MOV     R0,AR4
0159 A905              MOV     R1,AR5
015B AA06              MOV     R2,AR6
015D AB07              MOV     R3,AR7
015F D007              POP     AR7
0161 D006              POP     AR6
0163 D005              POP     AR5
0165 D004              POP     AR4
0167 120000      E     LCALL   ?C?FPMUL
016A C004              PUSH    AR4
016C C005              PUSH    AR5
016E C006              PUSH    AR6
0170 C007              PUSH    AR7
0172 900000      R     MOV     DPTR,#i
0175 E0                MOVX    A,@DPTR
0176 FC                MOV     R4,A
0177 E4                CLR     A
0178 120000      E     LCALL   ?C?FCASTC
017B A804              MOV     R0,AR4
017D A905              MOV     R1,AR5
017F AA06              MOV     R2,AR6
0181 AB07              MOV     R3,AR7
0183 D007              POP     AR7
0185 D006              POP     AR6
0187 D005              POP     AR5
0189 D004              POP     AR4
018B 120000      E     LCALL   ?C?FPMUL
018E 120000      E     LCALL   _sin
0191 900000      R     MOV     DPTR,#i
0194 E0                MOVX    A,@DPTR
0195 FB                MOV     R3,A
0196 75F004            MOV     B,#04H
0199 EB                MOV     A,R3
019A 900000      E     MOV     DPTR,#SReal
019D 120000      E     LCALL   ?C?OFFXADD
01A0 120000      E     LCALL   ?C?LLDXDATA0
01A3 120000      E     LCALL   ?C?FPMUL
01A6 A804              MOV     R0,AR4
01A8 A905              MOV     R1,AR5
01AA AA06              MOV     R2,AR6
01AC AB07              MOV     R3,AR7
01AE D007              POP     AR7
01B0 D006              POP     AR6
01B2 D005              POP     AR5
01B4 D004              POP     AR4
01B6 120000      E     LCALL   ?C?FPSUB
01B9 D082              POP     DPL
01BB D083              POP     DPH
01BD 120000      E     LCALL   ?C?LSTXDATA
                                           ; SOURCE LINE # 17
01C0         ?C0006:
01C0 900000      R     MOV     DPTR,#i
01C3 E0                MOVX    A,@DPTR
01C4 04                INC     A
01C5 F0                MOVX    @DPTR,A
01C6 0100        R     AJMP    ?C0004
01C8         ?C0005:
                                           ; SOURCE LINE # 18
01C8         ?C0003:
01C8 900000      R     MOV     DPTR,#k
01CB E0                MOVX    A,@DPTR
C51 COMPILER V9.53.0.0   DPF0                                                              11/01/2023 12:28:49 PAGE 6   

01CC 04                INC     A
01CD F0                MOVX    @DPTR,A
01CE 0100        R     AJMP    ?C0001
01D0         ?C0002:
                                           ; SOURCE LINE # 19
01D0         ?C0007:
01D0 22                RET     
             ; FUNCTION FunR_DPF (END)

C51 COMPILER V9.53.0.0   DPF0                                                              11/01/2023 12:28:49 PAGE 7   

NAME                                    CLASS   MSPACE  TYPE    OFFSET  SIZE
====                                    =====   ======  ====    ======  ====


nd2. . . . . . . . . . . . . . . . . .  EXTERN   XDATA  U_CHAR   -----  1
SImag_out. . . . . . . . . . . . . . .  EXTERN   XDATA  ARRAY    -----  512
SReal_out. . . . . . . . . . . . . . .  EXTERN   XDATA  ARRAY    -----  512
FunR_DPF . . . . . . . . . . . . . . .  PUBLIC   CODE   PROC     0000H  -----
  k. . . . . . . . . . . . . . . . . .  AUTO     XDATA  U_CHAR   0000H  1
  i. . . . . . . . . . . . . . . . . .  AUTO     XDATA  U_CHAR   0001H  1
_cos . . . . . . . . . . . . . . . . .  EXTERN   CODE   PROC     -----  -----
_sin . . . . . . . . . . . . . . . . .  EXTERN   CODE   PROC     -----  -----
SReal. . . . . . . . . . . . . . . . .  EXTERN   XDATA  ARRAY    -----  512
n. . . . . . . . . . . . . . . . . . .  EXTERN   XDATA  U_CHAR   -----  1


MODULE INFORMATION:   STATIC OVERLAYABLE
   CODE SIZE        =    465    ----
   CONSTANT SIZE    =   ----    ----
   XDATA SIZE       =      2    ----
   PDATA SIZE       =   ----    ----
   DATA SIZE        =   ----    ----
   IDATA SIZE       =   ----    ----
   BIT SIZE         =   ----    ----
END OF MODULE INFORMATION.


C51 COMPILATION COMPLETE.  0 WARNING(S),  0 ERROR(S)
