C51 COMPILER V9.53.0.0   FIBONACCI                                                         11/20/2023 19:34:43 PAGE 1   


C51 COMPILER V9.53.0.0, COMPILATION OF MODULE FIBONACCI
OBJECT MODULE PLACED IN fibonacci.OBJ
COMPILER INVOKED BY: E:\Keil\C51\BIN\C51.EXE fibonacci.c OPTIMIZE(8,SPEED) BROWSE DEBUG OBJECTEXTEND CODE LISTINCLUDE SY
                    -MBOLS TABS(2)

line level    source

   1          
   2          unsigned int fibonacci(unsigned int n) {
   3   1        
   4   1          if (n == 0)
   5   1              return 0;
   6   1          else if (n == 1)
   7   1              return 1;
   8   1      
   9   1          return fibonacci(n - 1) + fibonacci(n - 2);
*** WARNING C265 IN LINE 9 OF fibonacci.c: '_fibonacci': recursive call to non-reentrant function
*** WARNING C265 IN LINE 9 OF fibonacci.c: '_fibonacci': recursive call to non-reentrant function
  10   1      }
C51 COMPILER V9.53.0.0   FIBONACCI                                                         11/20/2023 19:34:43 PAGE 2   

ASSEMBLY LISTING OF GENERATED OBJECT CODE


             ; FUNCTION L?0005 (BEGIN)
0000 FF                MOV     R7,A
0001 E500        R     MOV     A,n
0003 34FF              ADDC    A,#0FFH
0005 FE                MOV     R6,A
             ; FUNCTION _fibonacci (BEGIN)
                                           ; SOURCE LINE # 2
0006 8E00        R     MOV     n,R6
0008 8F00        R     MOV     n+01H,R7
                                           ; SOURCE LINE # 4
000A E500        R     MOV     A,n+01H
000C 4500        R     ORL     A,n
000E 7003              JNZ     ?C0001
                                           ; SOURCE LINE # 5
0010 FE                MOV     R6,A
0011 FF                MOV     R7,A
0012 22                RET     
0013         ?C0001:
                                           ; SOURCE LINE # 6
0013 E500        R     MOV     A,n+01H
0015 6401              XRL     A,#01H
0017 4500        R     ORL     A,n
0019 7004              JNZ     ?C0003
                                           ; SOURCE LINE # 7
001B FE                MOV     R6,A
001C 7F01              MOV     R7,#01H
001E 22                RET     
001F         ?C0003:
                                           ; SOURCE LINE # 9
001F E500        R     MOV     A,n+01H
0021 24FE              ADD     A,#0FEH
0023 120000      R     LCALL   L?0005
0026 C006              PUSH    AR6
0028 C007              PUSH    AR7
002A E500        R     MOV     A,n+01H
002C 24FF              ADD     A,#0FFH
002E 120000      R     LCALL   L?0005
0031 D0E0              POP     ACC
0033 2F                ADD     A,R7
0034 FF                MOV     R7,A
0035 D0E0              POP     ACC
0037 3E                ADDC    A,R6
0038 FE                MOV     R6,A
                                           ; SOURCE LINE # 10
0039         ?C0002:
0039 22                RET     
             ; FUNCTION _fibonacci (END)

C51 COMPILER V9.53.0.0   FIBONACCI                                                         11/20/2023 19:34:43 PAGE 3   

NAME                                    CLASS   MSPACE  TYPE    OFFSET  SIZE
====                                    =====   ======  ====    ======  ====


_fibonacci . . . . . . . . . . . . . .  PUBLIC   CODE   PROC     0006H  -----
  n. . . . . . . . . . . . . . . . . .  AUTO     DATA   U_INT    0000H  2


MODULE INFORMATION:   STATIC OVERLAYABLE
   CODE SIZE        =     58    ----
   CONSTANT SIZE    =   ----    ----
   XDATA SIZE       =   ----    ----
   PDATA SIZE       =   ----    ----
   DATA SIZE        =   ----       2
   IDATA SIZE       =   ----    ----
   BIT SIZE         =   ----    ----
END OF MODULE INFORMATION.


C51 COMPILATION COMPLETE.  2 WARNING(S),  0 ERROR(S)
