C51 COMPILER V9.53.0.0   HELLO                                                                         02/14/2023 11:43:50 PAGE 1   


C51 COMPILER V9.53.0.0, COMPILATION OF MODULE HELLO
OBJECT MODULE PLACED IN HELLO.OBJ
COMPILER INVOKED BY: C:\Program Files\KEIL_5_953\C51\BIN\C51.EXE HELLO.C ROM(SMALL) OPTIMIZE(8,SPEED) BROWSE DEBUG OBJECTEXTEND CODE
                    - SYMBOLS PAGEWIDTH(132) PAGELENGTH(900) TABS(2)

line level    source

   1          /*------------------------------------------------------------------------------
   2          HELLO.C
   3          Copyright 1995-2005 Keil Software, Inc.
   4          ------------------------------------------------------------------------------*/
   5          
   6          #include <REG51.H>                /* special function register declarations   */
   7                                            /* for the intended 8051 derivative         */
   8          
   9          #include <stdio.h>                /* prototype declarations for I/O functions */
  10          
  11          
  12          #ifdef MONITOR51                         /* Debugging with Monitor-51 needs   */
              char code reserve [3] _at_ 0x23;         /* space for serial interrupt if     */
              #endif                                   /* Stop Exection with Serial Intr.   */
  15                                                   /* is enabled                        */
  16          
  17          
  18          /*------------------------------------------------
  19          The main C function.  Program execution starts
  20          here after stack initialization.
  21          ------------------------------------------------*/
  22          void main (void) {
  23   1      
  24   1      /*------------------------------------------------
  25   1      Setup the serial port for 1200 baud at 16MHz.
  26   1      ------------------------------------------------*/
  27   1      #ifndef MONITOR51
  28   1          SCON  = 0x50;           /* SCON: mode 1, 8-bit UART, enable rcvr      */
  29   1          TMOD |= 0x20;               /* TMOD: timer 1, mode 2, 8-bit reload        */
  30   1          TH1   = 221;                /* TH1:  reload value for 1200 baud @ 16MHz   */
  31   1          TR1   = 1;                  /* TR1:  timer 1 run                          */
  32   1          TI    = 1;                  /* TI:   set TI to send first char of UART    */
  33   1      #endif
  34   1      
  35   1      /*------------------------------------------------
  36   1      Note that an embedded program never exits (because
  37   1      there is no operating system to return to).  It
  38   1      must loop and execute forever.
  39   1      ------------------------------------------------*/
  40   1        while (1) {
  41   2          P1 ^= 0x01;             /* Toggle P1.0 each time we print */
  42   2          printf ("Доброго здоровья всем!\n");   /* Print "Hello World" */
  43   2        }
  44   1      }
  45          
  46          
C51 COMPILER V9.53.0.0   HELLO                                                                         02/14/2023 11:43:50 PAGE 2   

ASSEMBLY LISTING OF GENERATED OBJECT CODE


             ; FUNCTION main (BEGIN)
                                           ; SOURCE LINE # 22
                                           ; SOURCE LINE # 28
0000 759850            MOV     SCON,#050H
                                           ; SOURCE LINE # 29
0003 438920            ORL     TMOD,#020H
                                           ; SOURCE LINE # 30
0006 758DDD            MOV     TH1,#0DDH
                                           ; SOURCE LINE # 31
0009 D28E              SETB    TR1
                                           ; SOURCE LINE # 32
000B D299              SETB    TI
000D         ?C0001:
                                           ; SOURCE LINE # 40
                                           ; SOURCE LINE # 41
000D 639001            XRL     P1,#01H
                                           ; SOURCE LINE # 42
0010 7BFF              MOV     R3,#0FFH
0012 7A00        R     MOV     R2,#HIGH ?SC_0
0014 7900        R     MOV     R1,#LOW ?SC_0
0016 1100        E     ACALL   _printf
                                           ; SOURCE LINE # 43
0018 80F3              SJMP    ?C0001
             ; FUNCTION main (END)

C51 COMPILER V9.53.0.0   HELLO                                                                         02/14/2023 11:43:50 PAGE 3   

NAME                                    CLASS   MSPACE  TYPE    OFFSET  SIZE
====                                    =====   ======  ====    ======  ====


P1 . . . . . . . . . . . . . . . . . .  SFR      DATA   U_CHAR   0090H  1
size_t . . . . . . . . . . . . . . . .  TYPEDEF  -----  U_INT    -----  2
_printf. . . . . . . . . . . . . . . .  EXTERN   CODE   PROC     -----  -----
TI . . . . . . . . . . . . . . . . . .  ABSBIT   -----  BIT      0099H  1
main . . . . . . . . . . . . . . . . .  PUBLIC   CODE   PROC     0000H  -----
SCON . . . . . . . . . . . . . . . . .  SFR      DATA   U_CHAR   0098H  1
TMOD . . . . . . . . . . . . . . . . .  SFR      DATA   U_CHAR   0089H  1
TH1. . . . . . . . . . . . . . . . . .  SFR      DATA   U_CHAR   008DH  1
TR1. . . . . . . . . . . . . . . . . .  ABSBIT   -----  BIT      008EH  1


MODULE INFORMATION:   STATIC OVERLAYABLE
   CODE SIZE        =     26    ----
   CONSTANT SIZE    =     24    ----
   XDATA SIZE       =   ----    ----
   PDATA SIZE       =   ----    ----
   DATA SIZE        =   ----    ----
   IDATA SIZE       =   ----    ----
   BIT SIZE         =   ----    ----
END OF MODULE INFORMATION.


C51 COMPILATION COMPLETE.  0 WARNING(S),  0 ERROR(S)
